2026-04-18 10:17:36:1736 [ERROR]: Database connection failed {
  "error": "getaddrinfo EAI_AGAIN postgres"
}
2026-04-18 10:17:45:1745 [ERROR]: Database connection failed {
  "error": "getaddrinfo ENOTFOUND postgres"
}
2026-04-18 10:17:54:1754 [ERROR]: Database connection failed {
  "error": "getaddrinfo ENOTFOUND postgres"
}
2026-04-18 10:18:02:182 [ERROR]: Database connection failed {
  "error": "getaddrinfo ENOTFOUND postgres"
}
2026-04-18 10:18:11:1811 [ERROR]: Database connection failed {
  "error": "getaddrinfo ENOTFOUND postgres"
}
2026-04-18 10:18:19:1819 [ERROR]: Database connection failed {
  "error": "getaddrinfo ENOTFOUND postgres"
}
2026-04-18 10:18:29:1829 [ERROR]: Database connection failed {
  "error": "getaddrinfo ENOTFOUND postgres"
}
2026-04-18 10:18:44:1844 [ERROR]: Database connection failed {
  "error": "getaddrinfo EAI_AGAIN postgres"
}
2026-04-18 10:19:03:193 [ERROR]: Database connection failed {
  "error": "getaddrinfo ENOTFOUND postgres"
}
2026-04-18 10:19:35:1935 [ERROR]: Database connection failed {
  "error": "getaddrinfo ENOTFOUND postgres"
}
2026-04-18 10:20:33:2033 [ERROR]: Database connection failed {
  "error": "getaddrinfo ENOTFOUND postgres"
}
2026-04-18 10:21:39:2139 [ERROR]: Database connection failed {
  "error": "getaddrinfo ENOTFOUND postgres"
}
2026-04-18 10:22:47:2247 [ERROR]: Database connection failed {
  "error": "getaddrinfo EAI_AGAIN postgres"
}
2026-04-18 10:23:54:2354 [ERROR]: Database connection failed {
  "error": "getaddrinfo EAI_AGAIN postgres"
}
2026-04-18 10:25:01:251 [ERROR]: Database connection failed {
  "error": "getaddrinfo ENOTFOUND postgres"
}
2026-04-18 10:26:07:267 [ERROR]: Database connection failed {
  "error": "getaddrinfo ENOTFOUND postgres"
}
2026-04-18 10:27:49:2749 [ERROR]: Database connection failed {
  "error": "The server does not support SSL connections"
}
2026-04-18 10:27:51:2751 [ERROR]: Database connection failed {
  "error": "The server does not support SSL connections"
}
2026-04-18 10:27:53:2753 [ERROR]: Database connection failed {
  "error": "The server does not support SSL connections"
}
2026-04-18 10:27:56:2756 [ERROR]: Database connection failed {
  "error": "The server does not support SSL connections"
}
2026-04-18 10:27:58:2758 [ERROR]: Database connection failed {
  "error": "The server does not support SSL connections"
}
2026-04-18 10:28:02:282 [ERROR]: Database connection failed {
  "error": "The server does not support SSL connections"
}
2026-04-18 10:28:07:287 [ERROR]: Database connection failed {
  "error": "The server does not support SSL connections"
}
2026-04-18 10:28:16:2816 [ERROR]: Database connection failed {
  "error": "The server does not support SSL connections"
}
2026-04-18 10:28:31:2831 [ERROR]: Database connection failed {
  "error": "The server does not support SSL connections"
}
2026-04-18 10:28:58:2858 [ERROR]: Database connection failed {
  "error": "The server does not support SSL connections"
}
2026-04-18 10:29:51:2951 [ERROR]: Database connection failed {
  "error": "The server does not support SSL connections"
}
2026-04-18 10:30:54:3054 [ERROR]: Database connection failed {
  "error": "The server does not support SSL connections"
}
2026-04-18 10:31:56:3156 [INFO]: Database connection successful {
  "currentTime": "2026-04-18T10:31:56.555Z",
  "version": "16.13"
}
2026-04-18 10:31:56:3156 [INFO]: Starting reputation cron job {
  "intervalMinutes": 60
}
2026-04-18 10:31:56:3156 [INFO]: Running reputation update job
2026-04-18 10:31:56:3156 [INFO]: Reputation cron job started
2026-04-18 10:31:56:3156 [INFO]: Server started successfully {
  "port": "3000",
  "host": "0.0.0.0",
  "environment": "production",
  "nodeVersion": "v20.20.2",
  "apiPrefix": "/api/v1"
}
2026-04-18 10:31:56:3156 [INFO]: Available endpoints: {
  "health": "http://0.0.0.0:3000/health",
  "api": "http://0.0.0.0:3000/api/v1"
}
2026-04-18 10:31:56:3156 [INFO]: Updating reputation for 0 users
2026-04-18 10:31:56:3156 [INFO]: Reputation update completed {
  "duration": "103ms",
  "totalUsers": 0,
  "success": 0,
  "errors": 0
}
2026-04-18 10:32:09:329 [INFO]: Received SIGTERM, starting graceful shutdown
2026-04-18 10:32:45:3245 [INFO]: Database connection successful {
  "currentTime": "2026-04-18T10:32:45.882Z",
  "version": "16.13"
}
2026-04-18 10:32:45:3245 [INFO]: Starting reputation cron job {
  "intervalMinutes": 60
}
2026-04-18 10:32:45:3245 [INFO]: Running reputation update job
2026-04-18 10:32:45:3245 [INFO]: Reputation cron job started
2026-04-18 10:32:45:3245 [INFO]: Server started successfully {
  "port": "3000",
  "host": "0.0.0.0",
  "environment": "production",
  "nodeVersion": "v20.20.2",
  "apiPrefix": "/api/v1"
}
2026-04-18 10:32:45:3245 [INFO]: Available endpoints: {
  "health": "http://0.0.0.0:3000/health",
  "api": "http://0.0.0.0:3000/api/v1"
}
2026-04-18 10:32:46:3246 [INFO]: Updating reputation for 0 users
2026-04-18 10:32:46:3246 [INFO]: Reputation update completed {
  "duration": "74ms",
  "totalUsers": 0,
  "success": 0,
  "errors": 0
}
2026-04-18 10:33:31:3331 [ERROR]: Invalid email or password {
  "statusCode": 401,
  "path": "/api/v1/auth/login",
  "method": "POST"
}
2026-04-18 10:34:43:3443 [ERROR]: Transaction rolled back {
  "error": "new row for relation \"users\" violates check constraint \"phone_format\""
}
2026-04-18 10:34:43:3443 [ERROR]: new row for relation "users" violates check constraint "phone_format" {
  "statusCode": 500,
  "path": "/api/v1/auth/register",
  "method": "POST"
}
2026-04-18 11:34:10:3410 [INFO]: Running reputation update job
2026-04-18 11:34:10:3410 [INFO]: Updating reputation for 0 users
2026-04-18 11:34:10:3410 [INFO]: Reputation update completed {
  "duration": "54ms",
  "totalUsers": 0,
  "success": 0,
  "errors": 0
}
2026-04-18 12:42:01:421 [INFO]: Running reputation update job
2026-04-18 12:42:01:421 [INFO]: Updating reputation for 0 users
2026-04-18 12:42:01:421 [INFO]: Reputation update completed {
  "duration": "35ms",
  "totalUsers": 0,
  "success": 0,
  "errors": 0
}
2026-04-18 15:46:33:4633 [ERROR]: Transaction rolled back {
  "error": "new row for relation \"users\" violates check constraint \"phone_format\""
}
2026-04-18 15:46:33:4633 [ERROR]: new row for relation "users" violates check constraint "phone_format" {
  "statusCode": 500,
  "path": "/api/v1/auth/register",
  "method": "POST"
}
2026-04-18 15:48:49:4849 [ERROR]: Invalid email or password {
  "statusCode": 401,
  "path": "/api/v1/auth/login",
  "method": "POST"
}
2026-04-18 15:49:21:4921 [ERROR]: Email already registered {
  "statusCode": 409,
  "path": "/api/v1/auth/register",
  "method": "POST"
}
2026-04-18 15:49:38:4938 [ERROR]: Invalid email or password {
  "statusCode": 401,
  "path": "/api/v1/auth/login",
  "method": "POST"
}
2026-04-18 15:51:12:5112 [ERROR]: Invalid email or password {
  "statusCode": 401,
  "path": "/api/v1/auth/login",
  "method": "POST"
}
2026-04-18 16:40:36:4036 [INFO]: Running reputation update job
2026-04-18 16:40:36:4036 [INFO]: Updating reputation for 0 users
2026-04-18 16:40:36:4036 [INFO]: Reputation update completed {
  "duration": "13ms",
  "totalUsers": 0,
  "success": 0,
  "errors": 0
}
2026-04-18 17:31:05:315 [INFO]: Received SIGTERM, starting graceful shutdown
2026-04-19 07:49:09:499 [INFO]: Database connection successful {
  "currentTime": "2026-04-19T07:49:09.323Z",
  "version": "16.13"
}
2026-04-19 07:49:09:499 [INFO]: Starting reputation cron job {
  "intervalMinutes": 60
}
2026-04-19 07:49:09:499 [INFO]: Running reputation update job
2026-04-19 07:49:09:499 [INFO]: Reputation cron job started
2026-04-19 07:49:09:499 [INFO]: Server started successfully {
  "port": "3000",
  "host": "0.0.0.0",
  "environment": "production",
  "nodeVersion": "v20.20.2",
  "apiPrefix": "/api/v1"
}
2026-04-19 07:49:09:499 [INFO]: Available endpoints: {
  "health": "http://0.0.0.0:3000/health",
  "api": "http://0.0.0.0:3000/api/v1"
}
2026-04-19 07:49:09:499 [INFO]: Updating reputation for 0 users
2026-04-19 07:49:09:499 [INFO]: Reputation update completed {
  "duration": "136ms",
  "totalUsers": 0,
  "success": 0,
  "errors": 0
}
2026-04-19 08:06:38:638 [ERROR]: User.updateOTP is not a function {
  "statusCode": 500,
  "path": "/api/v1/auth/login",
  "method": "POST"
}
2026-04-19 08:07:04:74 [ERROR]: Email already registered {
  "statusCode": 409,
  "path": "/api/v1/auth/register",
  "method": "POST"
}
2026-04-19 08:07:26:726 [ERROR]: Transaction rolled back {
  "error": "invalid input value for enum user_status: \"pending\""
}
2026-04-19 08:07:26:726 [ERROR]: invalid input value for enum user_status: "pending" {
  "statusCode": 500,
  "path": "/api/v1/auth/register",
  "method": "POST"
}
2026-04-19 08:14:08:148 [INFO]: Received SIGTERM, starting graceful shutdown
2026-04-19 08:16:27:1627 [INFO]: Database connection successful {
  "currentTime": "2026-04-19T08:16:27.020Z",
  "version": "16.13"
}
2026-04-19 08:16:27:1627 [INFO]: Starting reputation cron job {
  "intervalMinutes": 60
}
2026-04-19 08:16:27:1627 [INFO]: Running reputation update job
2026-04-19 08:16:27:1627 [INFO]: Reputation cron job started
2026-04-19 08:16:27:1627 [INFO]: Server started successfully {
  "port": "3000",
  "host": "0.0.0.0",
  "environment": "production",
  "nodeVersion": "v20.20.2",
  "apiPrefix": "/api/v1"
}
2026-04-19 08:16:27:1627 [INFO]: Available endpoints: {
  "health": "http://0.0.0.0:3000/health",
  "api": "http://0.0.0.0:3000/api/v1"
}
2026-04-19 08:16:27:1627 [INFO]: Updating reputation for 0 users
2026-04-19 08:16:27:1627 [INFO]: Reputation update completed {
  "duration": "180ms",
  "totalUsers": 0,
  "success": 0,
  "errors": 0
}
2026-04-19 09:01:34:134 [ERROR]: Transaction rolled back {
  "error": "invalid input value for enum user_status: \"pending\""
}
2026-04-19 09:01:34:134 [ERROR]: invalid input value for enum user_status: "pending" {
  "statusCode": 500,
  "path": "/api/v1/auth/register",
  "method": "POST"
}
2026-04-19 09:03:54:354 [ERROR]: Invalid email or password {
  "statusCode": 401,
  "path": "/api/v1/auth/login",
  "method": "POST"
}
2026-04-19 09:04:07:47 [ERROR]: db is not defined {
  "statusCode": 500,
  "path": "/api/v1/auth/login",
  "method": "POST"
}
2026-04-19 09:07:45:745 [INFO]: Database connection successful {
  "currentTime": "2026-04-19T09:07:45.920Z",
  "version": "16.13"
}
2026-04-19 09:07:45:745 [INFO]: Starting reputation cron job {
  "intervalMinutes": 60
}
2026-04-19 09:07:45:745 [INFO]: Running reputation update job
2026-04-19 09:07:45:745 [INFO]: Reputation cron job started
2026-04-19 09:07:45:745 [INFO]: Server started successfully {
  "port": "3000",
  "host": "0.0.0.0",
  "environment": "production",
  "nodeVersion": "v20.20.2",
  "apiPrefix": "/api/v1"
}
2026-04-19 09:07:45:745 [INFO]: Available endpoints: {
  "health": "http://0.0.0.0:3000/health",
  "api": "http://0.0.0.0:3000/api/v1"
}
2026-04-19 09:07:46:746 [INFO]: Updating reputation for 0 users
2026-04-19 09:07:46:746 [INFO]: Reputation update completed {
  "duration": "101ms",
  "totalUsers": 0,
  "success": 0,
  "errors": 0
}
2026-04-19 09:09:42:942 [ERROR]: db is not defined {
  "statusCode": 500,
  "path": "/api/v1/auth/login",
  "method": "POST"
}
2026-04-19 09:16:55:1655 [INFO]: Received SIGTERM, starting graceful shutdown
2026-04-19 09:18:51:1851 [INFO]: Database connection successful {
  "currentTime": "2026-04-19T09:18:51.569Z",
  "version": "16.13"
}
2026-04-19 09:18:51:1851 [INFO]: Starting reputation cron job {
  "intervalMinutes": 60
}
2026-04-19 09:18:51:1851 [INFO]: Running reputation update job
2026-04-19 09:18:51:1851 [INFO]: Reputation cron job started
2026-04-19 09:18:51:1851 [INFO]: Server started successfully {
  "port": "3000",
  "host": "0.0.0.0",
  "environment": "production",
  "nodeVersion": "v20.20.2",
  "apiPrefix": "/api/v1"
}
2026-04-19 09:18:51:1851 [INFO]: Available endpoints: {
  "health": "http://0.0.0.0:3000/health",
  "api": "http://0.0.0.0:3000/api/v1"
}
2026-04-19 09:18:51:1851 [INFO]: Updating reputation for 0 users
2026-04-19 09:18:51:1851 [INFO]: Reputation update completed {
  "duration": "203ms",
  "totalUsers": 0,
  "success": 0,
  "errors": 0
}
2026-04-19 10:18:51:1851 [INFO]: Running reputation update job
2026-04-19 10:18:51:1851 [INFO]: Updating reputation for 0 users
2026-04-19 10:18:51:1851 [INFO]: Reputation update completed {
  "duration": "261ms",
  "totalUsers": 0,
  "success": 0,
  "errors": 0
}
2026-04-19 13:20:26:2026 [INFO]: Running reputation update job
2026-04-19 13:20:26:2026 [INFO]: Updating reputation for 0 users
2026-04-19 13:20:26:2026 [INFO]: Reputation update completed {
  "duration": "236ms",
  "totalUsers": 0,
  "success": 0,
  "errors": 0
}
2026-04-19 14:20:24:2024 [INFO]: Running reputation update job
2026-04-19 14:20:24:2024 [INFO]: Updating reputation for 0 users
2026-04-19 14:20:24:2024 [INFO]: Reputation update completed {
  "duration": "169ms",
  "totalUsers": 0,
  "success": 0,
  "errors": 0
}
2026-04-19 14:25:49:2549 [ERROR]: Unexpected database pool error {
  "error": "terminating connection due to administrator command"
}
2026-04-19 15:32:44:3244 [INFO]: Running reputation update job
2026-04-19 15:32:50:3250 [ERROR]: Query execution error {
  "text": "SELECT DISTINCT u.id \n         FROM users u\n         LEFT JOIN bookings b ON (u.id = b.provider_id O",
  "error": "getaddrinfo EAI_AGAIN postgres",
  "params": 0
}
2026-04-19 15:32:50:3250 [ERROR]: Reputation cron job failed {
  "error": "getaddrinfo EAI_AGAIN postgres"
}
2026-04-22 10:15:17:1517 [ERROR]: Database connection failed {
  "error": "getaddrinfo EAI_AGAIN postgres"
}
2026-04-22 10:15:25:1525 [ERROR]: Database connection failed {
  "error": "getaddrinfo ENOTFOUND postgres"
}
2026-04-22 10:15:32:1532 [ERROR]: Database connection failed {
  "error": "getaddrinfo ENOTFOUND postgres"
}
2026-04-22 10:15:40:1540 [ERROR]: Database connection failed {
  "error": "getaddrinfo ENOTFOUND postgres"
}
2026-04-22 10:15:47:1547 [ERROR]: Database connection failed {
  "error": "getaddrinfo ENOTFOUND postgres"
}
2026-04-22 10:15:55:1555 [ERROR]: Database connection failed {
  "error": "getaddrinfo ENOTFOUND postgres"
}
2026-04-22 10:16:03:163 [ERROR]: Database connection failed {
  "error": "getaddrinfo ENOTFOUND postgres"
}
2026-04-22 10:16:15:1615 [ERROR]: Database connection failed {
  "error": "getaddrinfo ENOTFOUND postgres"
}
2026-04-22 10:16:33:1633 [ERROR]: Database connection failed {
  "error": "getaddrinfo ENOTFOUND postgres"
}
2026-04-22 10:17:04:174 [ERROR]: Database connection failed {
  "error": "getaddrinfo ENOTFOUND postgres"
}
2026-04-22 10:18:00:180 [ERROR]: Database connection failed {
  "error": "getaddrinfo ENOTFOUND postgres"
}
2026-04-22 10:19:05:195 [ERROR]: Database connection failed {
  "error": "getaddrinfo ENOTFOUND postgres"
}
2026-04-22 10:20:10:2010 [ERROR]: Database connection failed {
  "error": "getaddrinfo ENOTFOUND postgres"
}
2026-04-22 10:21:16:2116 [ERROR]: Database connection failed {
  "error": "getaddrinfo ENOTFOUND postgres"
}
2026-04-22 10:22:21:2221 [ERROR]: Database connection failed {
  "error": "getaddrinfo ENOTFOUND postgres"
}
2026-04-22 10:23:26:2326 [ERROR]: Database connection failed {
  "error": "getaddrinfo ENOTFOUND postgres"
}
2026-04-22 10:24:31:2431 [ERROR]: Database connection failed {
  "error": "getaddrinfo ENOTFOUND postgres"
}
2026-04-22 10:25:37:2537 [ERROR]: Database connection failed {
  "error": "getaddrinfo ENOTFOUND postgres"
}
2026-04-22 10:26:42:2642 [ERROR]: Database connection failed {
  "error": "getaddrinfo ENOTFOUND postgres"
}
2026-04-22 10:27:47:2747 [ERROR]: Database connection failed {
  "error": "getaddrinfo ENOTFOUND postgres"
}
2026-04-22 10:28:52:2852 [ERROR]: Database connection failed {
  "error": "getaddrinfo ENOTFOUND postgres"
}
2026-04-22 10:29:57:2957 [ERROR]: Database connection failed {
  "error": "getaddrinfo ENOTFOUND postgres"
}
2026-04-22 10:31:03:313 [ERROR]: Database connection failed {
  "error": "getaddrinfo ENOTFOUND postgres"
}
2026-04-22 10:32:08:328 [ERROR]: Database connection failed {
  "error": "getaddrinfo ENOTFOUND postgres"
}
2026-04-22 10:33:13:3313 [ERROR]: Database connection failed {
  "error": "getaddrinfo ENOTFOUND postgres"
}
2026-04-22 10:34:18:3418 [ERROR]: Database connection failed {
  "error": "getaddrinfo ENOTFOUND postgres"
}
2026-04-23 13:56:19:5619 [ERROR]: Database connection failed {
  "error": "getaddrinfo EAI_AGAIN postgres"
}
2026-04-23 13:56:27:5627 [ERROR]: Database connection failed {
  "error": "getaddrinfo ENOTFOUND postgres"
}
2026-04-23 13:56:34:5634 [ERROR]: Database connection failed {
  "error": "getaddrinfo ENOTFOUND postgres"
}
2026-04-23 13:56:42:5642 [ERROR]: Database connection failed {
  "error": "getaddrinfo ENOTFOUND postgres"
}
2026-04-23 13:56:49:5649 [ERROR]: Database connection failed {
  "error": "getaddrinfo ENOTFOUND postgres"
}
2026-04-23 13:56:57:5657 [ERROR]: Database connection failed {
  "error": "getaddrinfo ENOTFOUND postgres"
}
2026-04-23 13:57:05:575 [ERROR]: Database connection failed {
  "error": "getaddrinfo ENOTFOUND postgres"
}
2026-04-23 13:57:17:5717 [ERROR]: Database connection failed {
  "error": "getaddrinfo EAI_AGAIN postgres"
}
2026-04-23 13:57:35:5735 [ERROR]: Database connection failed {
  "error": "getaddrinfo ENOTFOUND postgres"
}
2026-04-23 13:58:06:586 [ERROR]: Database connection failed {
  "error": "getaddrinfo ENOTFOUND postgres"
}
2026-04-23 13:59:02:592 [ERROR]: Database connection failed {
  "error": "getaddrinfo ENOTFOUND postgres"
}
2026-04-23 14:00:07:07 [ERROR]: Database connection failed {
  "error": "getaddrinfo ENOTFOUND postgres"
}
2026-04-23 14:01:17:117 [INFO]: Database connection successful {
  "currentTime": "2026-04-23T14:01:17.614Z",
  "version": "16.13"
}
2026-04-23 14:01:17:117 [INFO]: Starting reputation cron job {
  "intervalMinutes": 60
}
2026-04-23 14:01:17:117 [INFO]: Running reputation update job
2026-04-23 14:01:17:117 [INFO]: Reputation cron job started
2026-04-23 14:01:17:117 [INFO]: Server started successfully {
  "port": "3000",
  "host": "0.0.0.0",
  "environment": "production",
  "nodeVersion": "v20.20.2",
  "apiPrefix": "/api/v1"
}
2026-04-23 14:01:17:117 [INFO]: Available endpoints: {
  "health": "http://0.0.0.0:3000/health",
  "api": "http://0.0.0.0:3000/api/v1"
}
2026-04-23 14:01:17:117 [INFO]: Updating reputation for 0 users
2026-04-23 14:01:17:117 [INFO]: Reputation update completed {
  "duration": "119ms",
  "totalUsers": 0,
  "success": 0,
  "errors": 0
}
2026-04-23 14:08:23:823 [ERROR]: Transaction rolled back {
  "error": "duplicate key value violates unique constraint \"users_phone_key\""
}
2026-04-23 14:08:23:823 [ERROR]: duplicate key value violates unique constraint "users_phone_key" {
  "statusCode": 500,
  "path": "/api/v1/auth/register",
  "method": "POST"
}
2026-04-23 14:08:54:854 [ERROR]: Could not send verification email. {
  "statusCode": 500,
  "path": "/api/v1/auth/register",
  "method": "POST"
}
2026-04-23 14:09:16:916 [ERROR]: Email already registered {
  "statusCode": 409,
  "path": "/api/v1/auth/register",
  "method": "POST"
}
2026-04-23 14:22:30:2230 [INFO]: Received SIGTERM, starting graceful shutdown
2026-05-01 12:24:52:2452 [INFO]: Database connection successful {
  "currentTime": "2026-05-01T12:24:52.596Z",
  "version": "16.13"
}
2026-05-01 12:24:52:2452 [INFO]: Starting reputation cron job {
  "intervalMinutes": 60
}
2026-05-01 12:24:52:2452 [INFO]: Running reputation update job
2026-05-01 12:24:52:2452 [INFO]: Reputation cron job started
2026-05-01 12:24:52:2452 [INFO]: Server started successfully {
  "port": "3000",
  "host": "0.0.0.0",
  "environment": "production",
  "nodeVersion": "v20.20.2",
  "apiPrefix": "/api/v1"
}
2026-05-01 12:24:52:2452 [INFO]: Available endpoints: {
  "health": "http://0.0.0.0:3000/health",
  "api": "http://0.0.0.0:3000/api/v1"
}
2026-05-01 12:24:52:2452 [INFO]: Updating reputation for 0 users
2026-05-01 12:24:52:2452 [INFO]: Reputation update completed {
  "duration": "148ms",
  "totalUsers": 0,
  "success": 0,
  "errors": 0
}
2026-05-01 12:29:34:2934 [INFO]: Received SIGTERM, starting graceful shutdown
